<?xml version="1.0" encoding="UTF-8"?>
<testng-results skipped="0" failed="0" total="6" passed="6">
  <reporter-output>
  </reporter-output>
  <suite name="Mumms Automation test suite" duration-ms="563513" started-at="2016-03-14T17:38:08Z" finished-at="2016-03-14T17:47:32Z">
    <groups>
    </groups>
    <test name="firefoxWindowsLocal" duration-ms="563513" started-at="2016-03-14T17:38:08Z" finished-at="2016-03-14T17:47:32Z">
      <class name="com.Mumms.scripts.Patient">
        <test-method status="PASS" signature="beforeTest(java.lang.String, java.lang.String, java.lang.String, java.lang.String, java.lang.String)[pri:0, instance:com.Mumms.scripts.Patient@5fbdfdcf]" name="beforeTest" is-config="true" duration-ms="25623" started-at="2016-03-14T12:40:19Z" finished-at="2016-03-14T12:40:45Z">
          <params>
            <param index="0">
              <value>
                <![CDATA[selenium]]>
              </value>
            </param>
            <param index="1">
              <value>
                <![CDATA[firefox]]>
              </value>
            </param>
            <param index="2">
              <value>
                <![CDATA[43.0]]>
              </value>
            </param>
            <param index="3">
              <value>
                <![CDATA[local]]>
              </value>
            </param>
            <param index="4">
              <value>
                <![CDATA[windows 7]]>
              </value>
            </param>
          </params>
          <reporter-output>
          </reporter-output>
        </test-method> <!-- beforeTest -->
        <test-method status="PASS" signature="beforeMethod(java.lang.reflect.Method)[pri:0, instance:com.Mumms.scripts.Patient@5fbdfdcf]" name="beforeMethod" is-config="true" duration-ms="44" started-at="2016-03-14T12:40:45Z" finished-at="2016-03-14T12:40:45Z">
          <params>
            <param index="0">
              <value>
                <![CDATA[public void com.Mumms.scripts.Patient.testSearchPatientInfo(java.util.Hashtable) throws java.lang.Throwable]]>
              </value>
            </param>
          </params>
          <reporter-output>
          </reporter-output>
        </test-method> <!-- beforeMethod -->
        <test-method status="PASS" signature="login(java.lang.String)[pri:0, instance:com.Mumms.scripts.Patient@5fbdfdcf]" name="login" is-config="true" duration-ms="16676" started-at="2016-03-14T12:40:45Z" finished-at="2016-03-14T12:41:01Z">
          <params>
            <param index="0">
              <value>
                <![CDATA[MummsAdmin]]>
              </value>
            </param>
          </params>
          <reporter-output>
          </reporter-output>
        </test-method> <!-- login -->
        <test-method status="PASS" signature="testSearchPatientInfo(java.util.Hashtable)[pri:0, instance:com.Mumms.scripts.Patient@5fbdfdcf]" name="testSearchPatientInfo" duration-ms="36884" started-at="2016-03-14T12:41:01Z" data-provider="getTestDataFor_TestSearchPatientInfo" finished-at="2016-03-14T12:41:38Z">
          <params>
            <param index="0">
              <value>
                <![CDATA[{RunMode=Y, patientLastName=Crain, patientFirstName=Annie}]]>
              </value>
            </param>
          </params>
          <reporter-output>
          </reporter-output>
        </test-method> <!-- testSearchPatientInfo -->
        <test-method status="PASS" signature="logOut()[pri:0, instance:com.Mumms.scripts.Patient@5fbdfdcf]" name="logOut" is-config="true" duration-ms="9166" started-at="2016-03-14T12:41:38Z" finished-at="2016-03-14T12:41:47Z">
          <reporter-output>
          </reporter-output>
        </test-method> <!-- logOut -->
        <test-method status="PASS" signature="afterMethod()[pri:0, instance:com.Mumms.scripts.Patient@5fbdfdcf]" name="afterMethod" is-config="true" duration-ms="28" started-at="2016-03-14T12:41:47Z" finished-at="2016-03-14T12:41:47Z">
          <reporter-output>
          </reporter-output>
        </test-method> <!-- afterMethod -->
        <test-method status="PASS" signature="afterTest(java.lang.String)[pri:0, instance:com.Mumms.scripts.Patient@5fbdfdcf]" name="afterTest" is-config="true" duration-ms="235" started-at="2016-03-14T12:41:47Z" finished-at="2016-03-14T12:41:48Z">
          <params>
            <param index="0">
              <value>
                <![CDATA[firefox]]>
              </value>
            </param>
          </params>
          <reporter-output>
          </reporter-output>
        </test-method> <!-- afterTest -->
      </class> <!-- com.Mumms.scripts.Patient -->
      <class name="com.Mumms.scripts.Admin">
        <test-method status="PASS" signature="beforeTest(java.lang.String, java.lang.String, java.lang.String, java.lang.String, java.lang.String)[pri:0, instance:com.Mumms.scripts.Admin@bd4dc25]" name="beforeTest" is-config="true" duration-ms="26689" started-at="2016-03-14T12:45:13Z" finished-at="2016-03-14T12:45:39Z">
          <params>
            <param index="0">
              <value>
                <![CDATA[selenium]]>
              </value>
            </param>
            <param index="1">
              <value>
                <![CDATA[firefox]]>
              </value>
            </param>
            <param index="2">
              <value>
                <![CDATA[43.0]]>
              </value>
            </param>
            <param index="3">
              <value>
                <![CDATA[local]]>
              </value>
            </param>
            <param index="4">
              <value>
                <![CDATA[windows 7]]>
              </value>
            </param>
          </params>
          <reporter-output>
          </reporter-output>
        </test-method> <!-- beforeTest -->
        <test-method status="PASS" signature="beforeMethod(java.lang.reflect.Method)[pri:0, instance:com.Mumms.scripts.Admin@bd4dc25]" name="beforeMethod" is-config="true" duration-ms="44" started-at="2016-03-14T12:45:39Z" finished-at="2016-03-14T12:45:40Z">
          <params>
            <param index="0">
              <value>
                <![CDATA[public void com.Mumms.scripts.Admin.testaddWidgetPatientByFacilityType(java.util.Hashtable) throws java.lang.Throwable]]>
              </value>
            </param>
          </params>
          <reporter-output>
          </reporter-output>
        </test-method> <!-- beforeMethod -->
        <test-method status="PASS" signature="login(java.lang.String)[pri:0, instance:com.Mumms.scripts.Admin@bd4dc25]" name="login" is-config="true" duration-ms="15593" started-at="2016-03-14T12:45:40Z" finished-at="2016-03-14T12:45:55Z">
          <params>
            <param index="0">
              <value>
                <![CDATA[MummsAdmin]]>
              </value>
            </param>
          </params>
          <reporter-output>
          </reporter-output>
        </test-method> <!-- login -->
        <test-method status="PASS" signature="testaddWidgetPatientByFacilityType(java.util.Hashtable)[pri:0, instance:com.Mumms.scripts.Admin@bd4dc25]" name="testaddWidgetPatientByFacilityType" duration-ms="30652" started-at="2016-03-14T12:45:55Z" data-provider="getTestDataFor_addWidgets" finished-at="2016-03-14T12:46:26Z">
          <params>
            <param index="0">
              <value>
                <![CDATA[{RunMode=Y}]]>
              </value>
            </param>
          </params>
          <reporter-output>
          </reporter-output>
        </test-method> <!-- testaddWidgetPatientByFacilityType -->
        <test-method status="PASS" signature="logOut()[pri:0, instance:com.Mumms.scripts.Admin@bd4dc25]" name="logOut" is-config="true" duration-ms="8824" started-at="2016-03-14T12:46:26Z" finished-at="2016-03-14T12:46:35Z">
          <reporter-output>
          </reporter-output>
        </test-method> <!-- logOut -->
        <test-method status="PASS" signature="afterMethod()[pri:0, instance:com.Mumms.scripts.Admin@bd4dc25]" name="afterMethod" is-config="true" duration-ms="28" started-at="2016-03-14T12:46:35Z" finished-at="2016-03-14T12:46:35Z">
          <reporter-output>
          </reporter-output>
        </test-method> <!-- afterMethod -->
        <test-method status="PASS" signature="beforeMethod(java.lang.reflect.Method)[pri:0, instance:com.Mumms.scripts.Admin@bd4dc25]" name="beforeMethod" is-config="true" duration-ms="19" started-at="2016-03-14T12:46:35Z" finished-at="2016-03-14T12:46:35Z">
          <params>
            <param index="0">
              <value>
                <![CDATA[public void com.Mumms.scripts.Admin.testaddWidgetPatientByPayerType(java.util.Hashtable) throws java.lang.Throwable]]>
              </value>
            </param>
          </params>
          <reporter-output>
          </reporter-output>
        </test-method> <!-- beforeMethod -->
        <test-method status="PASS" signature="login(java.lang.String)[pri:0, instance:com.Mumms.scripts.Admin@bd4dc25]" name="login" is-config="true" duration-ms="15643" started-at="2016-03-14T12:46:35Z" finished-at="2016-03-14T12:46:50Z">
          <params>
            <param index="0">
              <value>
                <![CDATA[MummsAdmin]]>
              </value>
            </param>
          </params>
          <reporter-output>
          </reporter-output>
        </test-method> <!-- login -->
        <test-method status="PASS" signature="testaddWidgetPatientByPayerType(java.util.Hashtable)[pri:0, instance:com.Mumms.scripts.Admin@bd4dc25]" name="testaddWidgetPatientByPayerType" duration-ms="32092" started-at="2016-03-14T12:46:50Z" data-provider="getTestDataFor_addWidgetsname" finished-at="2016-03-14T12:47:22Z">
          <params>
            <param index="0">
              <value>
                <![CDATA[{RunMode=Y}]]>
              </value>
            </param>
          </params>
          <reporter-output>
          </reporter-output>
        </test-method> <!-- testaddWidgetPatientByPayerType -->
        <test-method status="PASS" signature="logOut()[pri:0, instance:com.Mumms.scripts.Admin@bd4dc25]" name="logOut" is-config="true" duration-ms="9104" started-at="2016-03-14T12:47:22Z" finished-at="2016-03-14T12:47:32Z">
          <reporter-output>
          </reporter-output>
        </test-method> <!-- logOut -->
        <test-method status="PASS" signature="afterMethod()[pri:0, instance:com.Mumms.scripts.Admin@bd4dc25]" name="afterMethod" is-config="true" duration-ms="24" started-at="2016-03-14T12:47:32Z" finished-at="2016-03-14T12:47:32Z">
          <reporter-output>
          </reporter-output>
        </test-method> <!-- afterMethod -->
        <test-method status="PASS" signature="afterTest(java.lang.String)[pri:0, instance:com.Mumms.scripts.Admin@bd4dc25]" name="afterTest" is-config="true" duration-ms="223" started-at="2016-03-14T12:47:32Z" finished-at="2016-03-14T12:47:32Z">
          <params>
            <param index="0">
              <value>
                <![CDATA[firefox]]>
              </value>
            </param>
          </params>
          <reporter-output>
          </reporter-output>
        </test-method> <!-- afterTest -->
      </class> <!-- com.Mumms.scripts.Admin -->
      <class name="com.Mumms.scripts.Reports">
        <test-method status="PASS" signature="beforeSuite(org.testng.ITestContext, java.lang.String, java.lang.String)[pri:0, instance:com.Mumms.scripts.Reports@1b1426f4]" name="beforeSuite" is-config="true" duration-ms="36" started-at="2016-03-14T12:38:08Z" finished-at="2016-03-14T12:38:08Z">
          <params>
            <param index="0">
              <value>
                <![CDATA[org.testng.TestRunner@506ae4d4]]>
              </value>
            </param>
            <param index="1">
              <value>
                <![CDATA[Sequential]]>
              </value>
            </param>
            <param index="2">
              <value>
                <![CDATA[Regression]]>
              </value>
            </param>
          </params>
          <reporter-output>
          </reporter-output>
        </test-method> <!-- beforeSuite -->
        <test-method status="PASS" signature="beforeTest(java.lang.String, java.lang.String, java.lang.String, java.lang.String, java.lang.String)[pri:0, instance:com.Mumms.scripts.Reports@1b1426f4]" name="beforeTest" is-config="true" duration-ms="26931" started-at="2016-03-14T12:38:08Z" finished-at="2016-03-14T12:38:35Z">
          <params>
            <param index="0">
              <value>
                <![CDATA[selenium]]>
              </value>
            </param>
            <param index="1">
              <value>
                <![CDATA[firefox]]>
              </value>
            </param>
            <param index="2">
              <value>
                <![CDATA[43.0]]>
              </value>
            </param>
            <param index="3">
              <value>
                <![CDATA[local]]>
              </value>
            </param>
            <param index="4">
              <value>
                <![CDATA[windows 7]]>
              </value>
            </param>
          </params>
          <reporter-output>
          </reporter-output>
        </test-method> <!-- beforeTest -->
        <test-method status="PASS" signature="beforeMethod(java.lang.reflect.Method)[pri:0, instance:com.Mumms.scripts.Reports@1b1426f4]" name="beforeMethod" is-config="true" duration-ms="78" started-at="2016-03-14T12:38:35Z" finished-at="2016-03-14T12:38:35Z">
          <params>
            <param index="0">
              <value>
                <![CDATA[public void com.Mumms.scripts.Reports.testGenerateVisitReport(java.util.Hashtable) throws java.lang.Throwable]]>
              </value>
            </param>
          </params>
          <reporter-output>
          </reporter-output>
        </test-method> <!-- beforeMethod -->
        <test-method status="PASS" signature="login(java.lang.String)[pri:0, instance:com.Mumms.scripts.Reports@1b1426f4]" name="login" is-config="true" duration-ms="16750" started-at="2016-03-14T12:38:35Z" finished-at="2016-03-14T12:38:52Z">
          <params>
            <param index="0">
              <value>
                <![CDATA[AdminUser ]]>
              </value>
            </param>
          </params>
          <reporter-output>
          </reporter-output>
        </test-method> <!-- login -->
        <test-method status="PASS" signature="testGenerateVisitReport(java.util.Hashtable)[pri:0, instance:com.Mumms.scripts.Reports@1b1426f4]" name="testGenerateVisitReport" duration-ms="77342" started-at="2016-03-14T12:38:52Z" data-provider="getTestDataFor_visitReport" finished-at="2016-03-14T12:40:10Z">
          <params>
            <param index="0">
              <value>
                <![CDATA[{toDate_Month=2.0, ReportingPeriod=02/10/16 - 03/02/16, Program=Palliative Care, fromDate_Month=1.0, fromDate_Year=2016.0, fromDate_Day=10.0, VisitType_Report=DIRECT_CARE, Program_Report=Palliative Care, RunMode=Y, toDate_Day=2.0, VisitType=Direct Care, toDate_Year=2016.0}]]>
              </value>
            </param>
          </params>
          <reporter-output>
          </reporter-output>
        </test-method> <!-- testGenerateVisitReport -->
        <test-method status="PASS" signature="logOut()[pri:0, instance:com.Mumms.scripts.Reports@1b1426f4]" name="logOut" is-config="true" duration-ms="9410" started-at="2016-03-14T12:40:10Z" finished-at="2016-03-14T12:40:19Z">
          <reporter-output>
          </reporter-output>
        </test-method> <!-- logOut -->
        <test-method status="PASS" signature="afterMethod()[pri:0, instance:com.Mumms.scripts.Reports@1b1426f4]" name="afterMethod" is-config="true" duration-ms="51" started-at="2016-03-14T12:40:19Z" finished-at="2016-03-14T12:40:19Z">
          <reporter-output>
          </reporter-output>
        </test-method> <!-- afterMethod -->
        <test-method status="PASS" signature="beforeMethod(java.lang.reflect.Method)[pri:0, instance:com.Mumms.scripts.Reports@1b1426f4]" name="beforeMethod" is-config="true" duration-ms="34" started-at="2016-03-14T12:41:48Z" finished-at="2016-03-14T12:41:48Z">
          <params>
            <param index="0">
              <value>
                <![CDATA[public void com.Mumms.scripts.Reports.testGenerateHISForAdmissionReport(java.util.Hashtable) throws java.lang.Throwable]]>
              </value>
            </param>
          </params>
          <reporter-output>
          </reporter-output>
        </test-method> <!-- beforeMethod -->
        <test-method status="PASS" signature="login(java.lang.String)[pri:0, instance:com.Mumms.scripts.Reports@1b1426f4]" name="login" is-config="true" duration-ms="16375" started-at="2016-03-14T12:41:48Z" finished-at="2016-03-14T12:42:04Z">
          <params>
            <param index="0">
              <value>
                <![CDATA[AdminUser ]]>
              </value>
            </param>
          </params>
          <reporter-output>
          </reporter-output>
        </test-method> <!-- login -->
        <test-method status="PASS" signature="testGenerateHISForAdmissionReport(java.util.Hashtable)[pri:0, instance:com.Mumms.scripts.Reports@1b1426f4]" name="testGenerateHISForAdmissionReport" duration-ms="69537" started-at="2016-03-14T12:42:04Z" data-provider="getTestDataFor_HISForAdmissionReport" finished-at="2016-03-14T12:43:14Z">
          <params>
            <param index="0">
              <value>
                <![CDATA[{toDate_Month=2.0, ReportingPeriod=02/10/16 - 03/02/16, fromDate_Month=1.0, fromDate_Year=2016.0, fromDate_Day=10.0, RunMode=Y, ReportName=HIS Report For Admission, toDate_Day=2.0, toDate_Year=2016.0}]]>
              </value>
            </param>
          </params>
          <reporter-output>
          </reporter-output>
        </test-method> <!-- testGenerateHISForAdmissionReport -->
        <test-method status="PASS" signature="logOut()[pri:0, instance:com.Mumms.scripts.Reports@1b1426f4]" name="logOut" is-config="true" duration-ms="9106" started-at="2016-03-14T12:43:14Z" finished-at="2016-03-14T12:43:23Z">
          <reporter-output>
          </reporter-output>
        </test-method> <!-- logOut -->
        <test-method status="PASS" signature="afterMethod()[pri:0, instance:com.Mumms.scripts.Reports@1b1426f4]" name="afterMethod" is-config="true" duration-ms="32" started-at="2016-03-14T12:43:23Z" finished-at="2016-03-14T12:43:23Z">
          <reporter-output>
          </reporter-output>
        </test-method> <!-- afterMethod -->
        <test-method status="PASS" signature="beforeMethod(java.lang.reflect.Method)[pri:0, instance:com.Mumms.scripts.Reports@1b1426f4]" name="beforeMethod" is-config="true" duration-ms="24" started-at="2016-03-14T12:43:23Z" finished-at="2016-03-14T12:43:23Z">
          <params>
            <param index="0">
              <value>
                <![CDATA[public void com.Mumms.scripts.Reports.testGenerateTeamMeetingReport(java.util.Hashtable) throws java.lang.Throwable]]>
              </value>
            </param>
          </params>
          <reporter-output>
          </reporter-output>
        </test-method> <!-- beforeMethod -->
        <test-method status="PASS" signature="login(java.lang.String)[pri:0, instance:com.Mumms.scripts.Reports@1b1426f4]" name="login" is-config="true" duration-ms="15896" started-at="2016-03-14T12:43:23Z" finished-at="2016-03-14T12:43:39Z">
          <params>
            <param index="0">
              <value>
                <![CDATA[AdminUser ]]>
              </value>
            </param>
          </params>
          <reporter-output>
          </reporter-output>
        </test-method> <!-- login -->
        <test-method status="PASS" signature="testGenerateTeamMeetingReport(java.util.Hashtable)[pri:0, instance:com.Mumms.scripts.Reports@1b1426f4]" name="testGenerateTeamMeetingReport" duration-ms="84955" started-at="2016-03-14T12:43:39Z" data-provider="getTestDataFor_TeamMeetingReport" finished-at="2016-03-14T12:45:04Z">
          <params>
            <param index="0">
              <value>
                <![CDATA[{Program=Palliative Care, Site=ORL, Team=Cynthia Lovam, RunMode=Y, Reporting_Period=7 Days, ReportingPeriodInReport=03/04/16 - 03/11/16, ReportName=Team Meeting, PatientStatus=Admitted in Reporting Period}]]>
              </value>
            </param>
          </params>
          <reporter-output>
          </reporter-output>
        </test-method> <!-- testGenerateTeamMeetingReport -->
        <test-method status="PASS" signature="logOut()[pri:0, instance:com.Mumms.scripts.Reports@1b1426f4]" name="logOut" is-config="true" duration-ms="8898" started-at="2016-03-14T12:45:04Z" finished-at="2016-03-14T12:45:13Z">
          <reporter-output>
          </reporter-output>
        </test-method> <!-- logOut -->
        <test-method status="PASS" signature="afterMethod()[pri:0, instance:com.Mumms.scripts.Reports@1b1426f4]" name="afterMethod" is-config="true" duration-ms="29" started-at="2016-03-14T12:45:13Z" finished-at="2016-03-14T12:45:13Z">
          <reporter-output>
          </reporter-output>
        </test-method> <!-- afterMethod -->
        <test-method status="PASS" signature="afterTest(java.lang.String)[pri:0, instance:com.Mumms.scripts.Reports@1b1426f4]" name="afterTest" is-config="true" duration-ms="198" started-at="2016-03-14T12:45:13Z" finished-at="2016-03-14T12:45:13Z">
          <params>
            <param index="0">
              <value>
                <![CDATA[firefox]]>
              </value>
            </param>
          </params>
          <reporter-output>
          </reporter-output>
        </test-method> <!-- afterTest -->
      </class> <!-- com.Mumms.scripts.Reports -->
    </test> <!-- firefoxWindowsLocal -->
  </suite> <!-- Mumms Automation test suite -->
</testng-results>
