<?xml version="1.0" encoding="UTF-8"?>
<testsuite name="firefoxWindowsLocal"
           tests="3"
           failures="0"
           errors="0"
           skipped="0"
           time="231.834">
  <properties />
  
  
            <testcase name="testGenerateHISForAdmissionReport" time="69.537" classname="com.Mumms.scripts.Reports" />
                <testcase name="testGenerateVisitReport" time="77.342" classname="com.Mumms.scripts.Reports" />
                <testcase name="testGenerateTeamMeetingReport" time="84.955" classname="com.Mumms.scripts.Reports" />
      
</testsuite>
