<?xml version="1.0" encoding="UTF-8"?>
<!-- Generated by org.testng.reporters.JUnitXMLReporter -->
<testsuite hostname="HW1611" name="firefoxWindowsLocal" tests="6" failures="0" timestamp="14 Mar 2016 20:22:38 GMT" time="549.689" errors="0">
  <testcase name="testGenerateVisitReport" time="77.395" classname="com.Mumms.scripts.Reports"/>
  <testcase name="testSearchPatientInfo" time="35.531" classname="com.Mumms.scripts.Patient"/>
  <testcase name="testGenerateHISForAdmissionReport" time="67.772" classname="com.Mumms.scripts.Reports"/>
  <testcase name="testGenerateTeamMeetingReport" time="71.837" classname="com.Mumms.scripts.Reports"/>
  <testcase name="testaddWidgetPatientByFacilityType" time="30.517" classname="com.Mumms.scripts.Admin"/>
  <testcase name="testaddWidgetPatientByPayerType" time="30.611" classname="com.Mumms.scripts.Admin"/>
</testsuite> <!-- firefoxWindowsLocal -->
