<?xml version="1.0" encoding="UTF-8"?>
<!-- Generated by org.testng.reporters.JUnitXMLReporter -->
<testsuite hostname="HW1611" name="firefoxWindowsLocal" tests="6" failures="0" timestamp="14 Mar 2016 17:18:15 GMT" time="615.47" errors="0">
  <testcase name="testGenerateVisitReport" time="87.219" classname="com.Mumms.scripts.Reports"/>
  <testcase name="testSearchPatientInfo" time="37.837" classname="com.Mumms.scripts.Patient"/>
  <testcase name="testGenerateHISForAdmissionReport" time="67.729" classname="com.Mumms.scripts.Reports"/>
  <testcase name="testGenerateTeamMeetingReport" time="100.551" classname="com.Mumms.scripts.Reports"/>
  <testcase name="testAddWidgets" time="36.631" classname="com.Mumms.scripts.Admin"/>
  <testcase name="testAddWidgetsName" time="36.435" classname="com.Mumms.scripts.Admin"/>
</testsuite> <!-- firefoxWindowsLocal -->
